<?xml version="1.0" encoding="UTF-8"?>
<!-- Generated by org.testng.reporters.JUnitReportReporter -->
<testsuite hostname="DESKTOP-JPPAVF4" failures="0" tests="1" name="usingtestNG.TestOne" time="3.143" errors="0" timestamp="2023-11-27T14:18:17 IST" skipped="0">
  <testcase classname="usingtestNG.TestOne" name="verifyHomePage" time="3.143"/>
</testsuite> <!-- usingtestNG.TestOne -->
